6.7870 	WARNING 	User requested fullscreen with size [1024  768], but screen is actually [1440, 900]. Using actual size
7.5290 	DATA 	Mouse: Left button down, pos=(663,626)
7.5294 	DATA 	Mouse:  Left button up, pos=(663,626)
7.6291 	EXP 	Created window1 = Window(allowGUI=False, allowStencil=False, args=UNKNOWN, autoLog=True, bitsMode=UNKNOWN, blendMode='avg', color=array([0., 0., 0.]), colorSpace='rgb', fullscr=<method-wrapper '__getattribute__' of attributeSetter object at 0x137ac2f98>, gamma=None, gammaErrorPolicy='raise', kwargs=UNKNOWN, lms=UNKNOWN, monitor=<psychopy.monitors.calibTools.Monitor object at 0x1376725c0>, multiSample=False, name='window1', numSamples=2, pos=[360.0, 225.0], screen=0, size=array([2880, 1800]), stereo=False, units='height', useFBO=True, useRetina=True, viewOri=0.0, viewPos=None, viewScale=None, waitBlanking=True, winType='pyglet')
7.6292 	EXP 	window1: recordFrameIntervals = False
7.7952 	EXP 	window1: recordFrameIntervals = True
7.9788 	EXP 	window1: recordFrameIntervals = False
8.7173 	EXP 	Created InstructionText = TextStim(__class__=<class 'psychopy.visual.text.TextStim'>, alignHoriz='center', alignVert='center', antialias=True, autoLog=True, bold=False, color='black', colorSpace='named', contrast=1.0, depth=0.0, flipHoriz=False, flipVert=False, font='Arial', fontFiles=[], height=0.1, italic=False, languageStyle='LTR', name='InstructionText', opacity=1.0, ori=0, pos=array([0., 0.]), rgb=array([0., 0., 0.]), text=str(...), units='height', win=Window(...), wrapWidth=1)
8.7196 	EXP 	Created RightImage = ImageStim(__class__=<class 'psychopy.visual.image.ImageStim'>, autoLog=True, color=array([1., 1., 1.]), colorSpace='rgb', contrast=1.0, depth=0.0, flipHoriz=False, flipVert=False, image='sin', interpolate=True, mask=None, maskParams=None, name='RightImage', opacity=1.0, ori=0.0, pos=array([0., 0.]), size=array([0.5, 0.5]), texRes=128, units='height', win=Window(...))
8.9105 	EXP 	Created text = TextStim(__class__=<class 'psychopy.visual.text.TextStim'>, alignHoriz='center', alignVert='center', antialias=True, autoLog=True, bold=False, color='red', colorSpace='named', contrast=1.0, depth=-2.0, flipHoriz=False, flipVert=False, font='Arial', fontFiles=[], height=0.03, italic=False, languageStyle='LTR', name='text', opacity=1.0, ori=0, pos=array([ 0. , -0.4]), rgb=array([255.,   0.,   0.]), text=str(...), units='height', win=Window(...), wrapWidth=1)
8.9331 	EXP 	InstructionText: autoDraw = True
10.2372 	DATA 	Keypress: s
11.9244 	EXP 	Imported Images.csv as conditions, 12 conditions, 1 params
11.9248 	EXP 	Created sequence: fullRandom, trialTypes=12, nReps=1, seed=None
11.9251 	EXP 	New trial (rep=0, index=0): OrderedDict([('Image', 'pictures/2.jpg')])
12.0341 	EXP 	InstructionText: autoDraw = False
12.0341 	EXP 	RightImage: image = 'pictures/2.jpg'
12.0341 	EXP 	RightImage: autoDraw = True
12.0341 	EXP 	text: autoDraw = True
13.2902 	EXP 	New trial (rep=0, index=1): OrderedDict([('Image', 'pictures/7.jpg')])
13.3000 	DATA 	Keypress: s
13.3171 	EXP 	RightImage: autoDraw = False
13.3171 	EXP 	text: autoDraw = False
13.3171 	EXP 	RightImage: image = 'pictures/7.jpg'
13.3171 	EXP 	RightImage: autoDraw = True
13.3171 	EXP 	text: autoDraw = True
14.2908 	EXP 	New trial (rep=0, index=2): OrderedDict([('Image', 'pictures/1.jpg')])
14.3149 	DATA 	Keypress: k
14.3338 	EXP 	RightImage: autoDraw = False
14.3338 	EXP 	text: autoDraw = False
14.3338 	EXP 	RightImage: image = 'pictures/1.jpg'
14.3338 	EXP 	RightImage: autoDraw = True
14.3338 	EXP 	text: autoDraw = True
14.7228 	EXP 	New trial (rep=0, index=3): OrderedDict([('Image', 'pictures/9.jpg')])
14.7312 	DATA 	Keypress: s
14.7508 	EXP 	RightImage: autoDraw = False
14.7508 	EXP 	text: autoDraw = False
14.7508 	EXP 	RightImage: image = 'pictures/9.jpg'
14.7508 	EXP 	RightImage: autoDraw = True
14.7508 	EXP 	text: autoDraw = True
15.0921 	DATA 	Keypress: k
15.1196 	EXP 	New trial (rep=0, index=4): OrderedDict([('Image', 'pictures/8.jpg')])
15.1508 	EXP 	RightImage: autoDraw = False
15.1508 	EXP 	text: autoDraw = False
15.1508 	EXP 	RightImage: image = 'pictures/8.jpg'
15.1508 	EXP 	RightImage: autoDraw = True
15.1508 	EXP 	text: autoDraw = True
15.3368 	EXP 	New trial (rep=0, index=5): OrderedDict([('Image', 'pictures/11.jpg')])
15.3439 	DATA 	Keypress: s
15.3676 	EXP 	RightImage: autoDraw = False
15.3676 	EXP 	text: autoDraw = False
15.3676 	EXP 	RightImage: image = 'pictures/11.jpg'
15.3676 	EXP 	RightImage: autoDraw = True
15.3676 	EXP 	text: autoDraw = True
15.5715 	EXP 	New trial (rep=0, index=6): OrderedDict([('Image', 'pictures/10.jpg')])
15.5721 	ERROR 	Couldn't find image pictures/10.jpg; check path? (tried: /Users/joe/Documents/GitHub/trialloops-extreme-joehoang1/pictures/10.jpg)
15.8567 	EXP 	window1: mouseVisible = True
