7.8769 	EXP 	Created window1 = Window(allowGUI=True, allowStencil=False, args=UNKNOWN, autoLog=True, bitsMode=UNKNOWN, blendMode='avg', color=array([0., 0., 0.]), colorSpace='rgb', fullscr=<method-wrapper '__getattribute__' of attributeSetter object at 0x1373a6be0>, gamma=None, gammaErrorPolicy='raise', kwargs=UNKNOWN, lms=UNKNOWN, monitor=<psychopy.monitors.calibTools.Monitor object at 0x1372aeb00>, multiSample=False, name='window1', numSamples=2, pos=[520.0, 250.0], screen=0, size=array([1600, 1600]), stereo=False, units='height', useFBO=True, useRetina=True, viewOri=0.0, viewPos=None, viewScale=None, waitBlanking=True, winType='pyglet')
7.8770 	EXP 	window1: recordFrameIntervals = False
8.0434 	EXP 	window1: recordFrameIntervals = True
8.2264 	EXP 	window1: recordFrameIntervals = False
8.9604 	EXP 	Created InstructionText = TextStim(__class__=<class 'psychopy.visual.text.TextStim'>, alignHoriz='center', alignVert='center', antialias=True, autoLog=True, bold=False, color='black', colorSpace='named', contrast=1.0, depth=0.0, flipHoriz=False, flipVert=False, font='Arial', fontFiles=[], height=0.1, italic=False, languageStyle='LTR', name='InstructionText', opacity=1.0, ori=0, pos=array([0., 0.]), rgb=array([0., 0., 0.]), text=str(...), units='height', win=Window(...), wrapWidth=1)
8.9626 	EXP 	Created DHimage = ImageStim(__class__=<class 'psychopy.visual.image.ImageStim'>, autoLog=True, color=array([1., 1., 1.]), colorSpace='rgb', contrast=1.0, depth=0.0, flipHoriz=False, flipVert=False, image='sin', interpolate=True, mask=None, maskParams=None, name='DHimage', opacity=1.0, ori=0.0, pos=array([0., 0.]), size=array([0.5, 0.5]), texRes=128, units='height', win=Window(...))
9.1583 	EXP 	Created text = TextStim(__class__=<class 'psychopy.visual.text.TextStim'>, alignHoriz='center', alignVert='center', antialias=True, autoLog=True, bold=False, color='red', colorSpace='named', contrast=1.0, depth=-2.0, flipHoriz=False, flipVert=False, font='Arial', fontFiles=[], height=0.03, italic=False, languageStyle='LTR', name='text', opacity=1.0, ori=0, pos=array([ 0. , -0.4]), rgb=array([255.,   0.,   0.]), text=str(...), units='height', win=Window(...), wrapWidth=1)
9.1760 	EXP 	InstructionText: autoDraw = True
12.1704 	EXP 	Imported Images.csv as conditions, 12 conditions, 1 params
12.1709 	EXP 	Created sequence: fullRandom, trialTypes=12, nReps=1, seed=None
12.1712 	EXP 	New trial (rep=0, index=0): OrderedDict([('Image', 'pictures/7.jpg')])
12.2466 	EXP 	InstructionText: autoDraw = False
12.2466 	EXP 	DHimage: image = 'pictures/7.jpg'
12.2466 	EXP 	DHimage: autoDraw = True
12.2466 	EXP 	text: autoDraw = True
15.1662 	EXP 	New trial (rep=0, index=1): OrderedDict([('Image', 'pictures/1.jpg')])
15.2150 	EXP 	DHimage: autoDraw = False
15.2150 	EXP 	text: autoDraw = False
15.2150 	EXP 	DHimage: image = 'pictures/1.jpg'
15.2150 	EXP 	DHimage: autoDraw = True
15.2150 	EXP 	text: autoDraw = True
18.1662 	EXP 	New trial (rep=0, index=2): OrderedDict([('Image', 'pictures/10.jpg')])
18.1666 	ERROR 	Couldn't find image pictures/10.jpg; check path? (tried: /Users/joe/Documents/GitHub/trialloops-extreme-joehoang1/pictures/10.jpg)
18.1827 	EXP 	window1: mouseVisible = True
